DEBUG:root:[>>] Starting Block   : EUR/NZD 2017-02-28 17:01:00 2042-08-15 16:59:00 M1
DEBUG:root:[^^] TFrame Complete  : EUR/NZD |M1|
DEBUG:root:[>>] Starting Block   : EUR/NZD 2017-04-23 17:00:00 2023-01-20 16:59:00 W1
DEBUG:root:[^^] TFrame Complete  : EUR/NZD |W1|
DEBUG:root:[>>] Starting Block   : EUR/NZD 2017-04-23 17:01:00 2018-02-16 16:59:00 D1
DEBUG:root:[^^] TFrame Complete  : EUR/NZD |D1|
DEBUG:root:[>>] Starting Block   : EUR/NZD 2017-04-24 09:01:00 2017-08-23 05:00:00 H8
DEBUG:root:[^^] TFrame Complete  : EUR/NZD |H8|
DEBUG:root:[>>] Starting Block   : EUR/NZD 2017-04-24 13:01:00 2017-06-13 13:00:00 H4
DEBUG:root:[^^] TFrame Complete  : EUR/NZD |H4|
DEBUG:root:[>>] Starting Block   : EUR/NZD 2017-04-24 13:01:00 2017-05-19 13:00:00 H2
DEBUG:root:[^^] TFrame Complete  : EUR/NZD |H2|
DEBUG:root:[>>] Starting Block   : EUR/NZD 2017-04-24 14:01:00 2017-05-05 16:59:00 H1
DEBUG:root:[^^] TFrame Complete  : EUR/NZD |H1|
DEBUG:root:[>>] Starting Block   : EUR/NZD 2017-04-24 15:01:00 2017-04-30 21:00:00 m30
DEBUG:root:[^^] TFrame Complete  : EUR/NZD |m30|
DEBUG:root:[>>] Starting Block   : EUR/NZD 2017-04-28 16:46:00 2017-05-01 19:45:00 m15
DEBUG:root:[^^] TFrame Complete  : EUR/NZD |m15|
DEBUG:root:[>>] Starting Block   : EUR/NZD 2017-04-28 16:56:00 2017-04-28 16:59:00 m5
DEBUG:root:[??] Skipping Block   : EUR/NZD 2017-04-28 16:56:00 2017-04-28 16:59:00 m5
DEBUG:root:[^^] TFrame Complete  : EUR/NZD |m5|
DEBUG:root:[>>] Starting Block   : EUR/NZD 2017-04-28 16:58:00 2017-04-28 16:59:00 m1
DEBUG:root:[??] Skipping Block   : EUR/NZD 2017-04-28 16:58:00 2017-04-28 16:59:00 m1
DEBUG:root:[^^] TFrame Complete  : EUR/NZD |m1|
DEBUG:root:[<>] Offer Complete   : EUR/NZD |m1|
