DEBUG:root:[>>] Starting Block   : FRA40 1991-10-31 17:01:00 2017-04-17 17:00:00 M1
DEBUG:root:[:)] Data Collected   : FRA40 1991-10-31 17:01:00 2017-04-17 17:00:00 M1
DEBUG:root:[^^] TFrame Complete  : FRA40 |M1|
DEBUG:root:[>>] Starting Block   : FRA40 2017-04-23 17:00:00 2023-01-20 16:59:00 W1
DEBUG:root:[^^] TFrame Complete  : FRA40 |W1|
DEBUG:root:[>>] Starting Block   : FRA40 2017-04-23 17:01:00 2018-02-16 16:59:00 D1
DEBUG:root:[^^] TFrame Complete  : FRA40 |D1|
DEBUG:root:[>>] Starting Block   : FRA40 2017-04-24 09:01:00 2017-08-23 05:00:00 H8
DEBUG:root:[^^] TFrame Complete  : FRA40 |H8|
DEBUG:root:[>>] Starting Block   : FRA40 2017-04-24 09:01:00 2017-06-13 09:00:00 H4
DEBUG:root:[^^] TFrame Complete  : FRA40 |H4|
DEBUG:root:[>>] Starting Block   : FRA40 2017-04-24 09:01:00 2017-05-19 09:00:00 H2
DEBUG:root:[^^] TFrame Complete  : FRA40 |H2|
DEBUG:root:[>>] Starting Block   : FRA40 2017-04-24 09:01:00 2017-05-05 16:59:00 H1
DEBUG:root:[^^] TFrame Complete  : FRA40 |H1|
DEBUG:root:[>>] Starting Block   : FRA40 2017-04-28 15:31:00 2017-05-04 21:30:00 m30
DEBUG:root:[^^] TFrame Complete  : FRA40 |m30|
DEBUG:root:[>>] Starting Block   : FRA40 2017-04-28 15:46:00 2017-05-01 18:45:00 m15
DEBUG:root:[^^] TFrame Complete  : FRA40 |m15|
DEBUG:root:[>>] Starting Block   : FRA40 2017-04-28 15:56:00 2017-04-28 16:59:00 m5
DEBUG:root:[:)] Data Collected   : FRA40 2017-04-28 15:56:00 2017-04-28 16:59:00 m5
DEBUG:root:[^^] TFrame Complete  : FRA40 |m5|
DEBUG:root:[>>] Starting Block   : FRA40 2017-04-28 16:00:00 2017-04-28 16:59:00 m1
DEBUG:root:[:)] Data Collected   : FRA40 2017-04-28 16:00:00 2017-04-28 16:59:00 m1
DEBUG:root:[^^] TFrame Complete  : FRA40 |m1|
DEBUG:root:[<>] Offer Complete   : FRA40 |m1|
