DEBUG:root:[>>] Starting Block   : GER30 1991-10-31 17:01:00 2017-04-17 17:00:00 M1
DEBUG:root:[:)] Data Collected   : GER30 1991-10-31 17:01:00 2017-04-17 17:00:00 M1
DEBUG:root:[^^] TFrame Complete  : GER30 |M1|
DEBUG:root:[>>] Starting Block   : GER30 2017-04-23 17:00:00 2023-01-20 16:59:00 W1
DEBUG:root:[^^] TFrame Complete  : GER30 |W1|
DEBUG:root:[>>] Starting Block   : GER30 2017-04-23 17:01:00 2018-02-16 16:59:00 D1
DEBUG:root:[^^] TFrame Complete  : GER30 |D1|
DEBUG:root:[>>] Starting Block   : GER30 2017-04-24 01:01:00 2017-08-22 21:00:00 H8
DEBUG:root:[^^] TFrame Complete  : GER30 |H8|
DEBUG:root:[>>] Starting Block   : GER30 2017-04-24 05:01:00 2017-06-13 05:00:00 H4
DEBUG:root:[^^] TFrame Complete  : GER30 |H4|
DEBUG:root:[>>] Starting Block   : GER30 2017-04-24 07:01:00 2017-05-19 07:00:00 H2
DEBUG:root:[^^] TFrame Complete  : GER30 |H2|
DEBUG:root:[>>] Starting Block   : GER30 2017-04-24 08:01:00 2017-05-05 16:59:00 H1
DEBUG:root:[^^] TFrame Complete  : GER30 |H1|
DEBUG:root:[>>] Starting Block   : GER30 2017-04-28 15:31:00 2017-05-04 21:30:00 m30
DEBUG:root:[^^] TFrame Complete  : GER30 |m30|
DEBUG:root:[>>] Starting Block   : GER30 2017-04-28 15:46:00 2017-05-01 18:45:00 m15
DEBUG:root:[^^] TFrame Complete  : GER30 |m15|
DEBUG:root:[>>] Starting Block   : GER30 2017-04-28 15:56:00 2017-04-28 16:59:00 m5
DEBUG:root:[:)] Data Collected   : GER30 2017-04-28 15:56:00 2017-04-28 16:59:00 m5
DEBUG:root:[^^] TFrame Complete  : GER30 |m5|
DEBUG:root:[>>] Starting Block   : GER30 2017-04-28 16:00:00 2017-04-28 16:59:00 m1
DEBUG:root:[XX] Database Error   : fxcm_bar_GER30.tbl_GER30_M1 | (1062, "Duplicate entry '2011-02-28 17:00:00' for key 'PRIMARY'")
DEBUG:root:[:)] Data Collected   : GER30 2017-04-28 16:00:00 2017-04-28 16:59:00 m1
DEBUG:root:[^^] TFrame Complete  : GER30 |m1|
DEBUG:root:[<>] Offer Complete   : GER30 |m1|
DEBUG:root:[XX] Database Error   : fxcm_bar_GER30.tbl_GER30_m5 | (1062, "Duplicate entry '2017-04-28 15:55:00' for key 'PRIMARY'")
DEBUG:root:[XX] Database Error   : fxcm_bar_GER30.tbl_GER30_m1 | (1062, "Duplicate entry '2017-04-28 15:59:00' for key 'PRIMARY'")
