DEBUG:root:[>>] Starting Block   : NAS100 1991-10-31 17:01:00 2017-04-17 17:00:00 M1
DEBUG:root:[??] Skipping Block   : NAS100 1991-10-31 17:01:00 2017-04-17 17:00:00 M1
DEBUG:root:[^^] TFrame Complete  : NAS100 |M1|
DEBUG:root:[>>] Starting Block   : NAS100 2017-04-23 17:00:00 2023-01-20 16:59:00 W1
DEBUG:root:[^^] TFrame Complete  : NAS100 |W1|
DEBUG:root:[>>] Starting Block   : NAS100 2017-04-23 17:01:00 2018-02-16 16:59:00 D1
DEBUG:root:[^^] TFrame Complete  : NAS100 |D1|
DEBUG:root:[>>] Starting Block   : NAS100 2017-04-24 09:01:00 2017-08-23 05:00:00 H8
DEBUG:root:[^^] TFrame Complete  : NAS100 |H8|
DEBUG:root:[>>] Starting Block   : NAS100 2017-04-24 09:01:00 2017-06-13 09:00:00 H4
DEBUG:root:[^^] TFrame Complete  : NAS100 |H4|
DEBUG:root:[>>] Starting Block   : NAS100 2017-04-24 11:01:00 2017-05-19 11:00:00 H2
DEBUG:root:[^^] TFrame Complete  : NAS100 |H2|
DEBUG:root:[>>] Starting Block   : NAS100 2017-04-24 12:01:00 2017-05-05 16:59:00 H1
DEBUG:root:[^^] TFrame Complete  : NAS100 |H1|
DEBUG:root:[>>] Starting Block   : NAS100 2017-04-24 12:01:00 2017-04-30 18:00:00 m30
DEBUG:root:[^^] TFrame Complete  : NAS100 |m30|
DEBUG:root:[>>] Starting Block   : NAS100 2017-04-27 15:31:00 2017-04-30 18:30:00 m15
DEBUG:root:[^^] TFrame Complete  : NAS100 |m15|
DEBUG:root:[>>] Starting Block   : NAS100 2017-04-28 16:11:00 2017-04-28 16:59:00 m5
DEBUG:root:[:)] Data Collected   : NAS100 2017-04-28 16:11:00 2017-04-28 16:59:00 m5
DEBUG:root:[^^] TFrame Complete  : NAS100 |m5|
DEBUG:root:[>>] Starting Block   : NAS100 2017-04-28 16:15:00 2017-04-28 16:59:00 m1
DEBUG:root:[:)] Data Collected   : NAS100 2017-04-28 16:15:00 2017-04-28 16:59:00 m1
DEBUG:root:[^^] TFrame Complete  : NAS100 |m1|
DEBUG:root:[<>] Offer Complete   : NAS100 |m1|
