DEBUG:root:[>>] Starting Block   : NGAS 2007-01-01 00:01:00 2032-06-18 00:00:00 M1
DEBUG:root:[^^] TFrame Complete  : NGAS |M1|
DEBUG:root:[>>] Starting Block   : NGAS 2017-04-16 17:00:00 2023-01-13 16:59:00 W1
DEBUG:root:[^^] TFrame Complete  : NGAS |W1|
DEBUG:root:[>>] Starting Block   : NGAS 2017-04-23 17:01:00 2018-02-16 16:59:00 D1
DEBUG:root:[^^] TFrame Complete  : NGAS |D1|
DEBUG:root:[>>] Starting Block   : NGAS 2017-04-24 09:01:00 2017-08-23 05:00:00 H8
DEBUG:root:[^^] TFrame Complete  : NGAS |H8|
DEBUG:root:[>>] Starting Block   : NGAS 2017-04-24 09:01:00 2017-06-13 09:00:00 H4
DEBUG:root:[^^] TFrame Complete  : NGAS |H4|
DEBUG:root:[>>] Starting Block   : NGAS 2017-04-24 11:01:00 2017-05-19 11:00:00 H2
DEBUG:root:[^^] TFrame Complete  : NGAS |H2|
DEBUG:root:[>>] Starting Block   : NGAS 2017-04-24 11:01:00 2017-05-05 16:59:00 H1
DEBUG:root:[^^] TFrame Complete  : NGAS |H1|
DEBUG:root:[>>] Starting Block   : NGAS 2017-04-24 12:01:00 2017-04-30 18:00:00 m30
DEBUG:root:[^^] TFrame Complete  : NGAS |m30|
DEBUG:root:[>>] Starting Block   : NGAS 2017-04-27 15:01:00 2017-04-30 18:00:00 m15
DEBUG:root:[^^] TFrame Complete  : NGAS |m15|
DEBUG:root:[>>] Starting Block   : NGAS 2017-04-28 16:41:00 2017-04-28 16:59:00 m5
DEBUG:root:[:)] Data Collected   : NGAS 2017-04-28 16:41:00 2017-04-28 16:59:00 m5
DEBUG:root:[^^] TFrame Complete  : NGAS |m5|
DEBUG:root:[>>] Starting Block   : NGAS 2017-04-28 16:43:00 2017-04-28 16:59:00 m1
DEBUG:root:[:)] Data Collected   : NGAS 2017-04-28 16:43:00 2017-04-28 16:59:00 m1
DEBUG:root:[^^] TFrame Complete  : NGAS |m1|
DEBUG:root:[<>] Offer Complete   : NGAS |m1|
