DEBUG:root:[>>] Starting Block   : SPX500 1991-10-31 17:01:00 2017-04-17 17:00:00 M1
DEBUG:root:[:)] Data Collected   : SPX500 1991-10-31 17:01:00 2017-04-17 17:00:00 M1
DEBUG:root:[^^] TFrame Complete  : SPX500 |M1|
DEBUG:root:[>>] Starting Block   : SPX500 2017-04-23 17:00:00 2023-01-20 16:59:00 W1
DEBUG:root:[^^] TFrame Complete  : SPX500 |W1|
DEBUG:root:[>>] Starting Block   : SPX500 2017-04-23 17:01:00 2018-02-16 16:59:00 D1
DEBUG:root:[^^] TFrame Complete  : SPX500 |D1|
DEBUG:root:[>>] Starting Block   : SPX500 2017-04-24 09:01:00 2017-08-23 05:00:00 H8
DEBUG:root:[^^] TFrame Complete  : SPX500 |H8|
DEBUG:root:[>>] Starting Block   : SPX500 2017-04-24 09:01:00 2017-06-13 09:00:00 H4
DEBUG:root:[^^] TFrame Complete  : SPX500 |H4|
DEBUG:root:[>>] Starting Block   : SPX500 2017-04-24 09:01:00 2017-05-19 09:00:00 H2
DEBUG:root:[^^] TFrame Complete  : SPX500 |H2|
DEBUG:root:[>>] Starting Block   : SPX500 2017-04-24 09:01:00 2017-05-05 16:59:00 H1
DEBUG:root:[^^] TFrame Complete  : SPX500 |H1|
DEBUG:root:[>>] Starting Block   : SPX500 2017-04-28 16:01:00 2017-05-04 22:00:00 m30
DEBUG:root:[^^] TFrame Complete  : SPX500 |m30|
DEBUG:root:[>>] Starting Block   : SPX500 2017-04-28 16:01:00 2017-05-01 19:00:00 m15
DEBUG:root:[^^] TFrame Complete  : SPX500 |m15|
DEBUG:root:[>>] Starting Block   : SPX500 2017-04-28 16:11:00 2017-04-28 16:59:00 m5
DEBUG:root:[:)] Data Collected   : SPX500 2017-04-28 16:11:00 2017-04-28 16:59:00 m5
DEBUG:root:[^^] TFrame Complete  : SPX500 |m5|
DEBUG:root:[>>] Starting Block   : SPX500 2017-04-28 16:15:00 2017-04-28 16:59:00 m1
DEBUG:root:[??] Skipping Block   : SPX500 2017-04-28 16:15:00 2017-04-28 16:59:00 m1
DEBUG:root:[^^] TFrame Complete  : SPX500 |m1|
DEBUG:root:[<>] Offer Complete   : SPX500 |m1|
DEBUG:root:[XX] Database Error   : fxcm_bar_SPX500.tbl_SPX500_m5 | (1062, "Duplicate entry '2017-04-28 16:10:00' for key 'PRIMARY'")
DEBUG:root:[XX] Database Error   : fxcm_bar_SPX500.tbl_SPX500_M1 | (1062, "Duplicate entry '2010-10-31 17:00:00' for key 'PRIMARY'")
