DEBUG:root:[>>] Starting Block   : TRY/JPY 2007-01-01 00:01:00 2032-06-18 00:00:00 M1
DEBUG:root:[^^] TFrame Complete  : TRY/JPY |M1|
DEBUG:root:[>>] Starting Block   : TRY/JPY 2017-04-23 17:00:00 2023-01-20 16:59:00 W1
DEBUG:root:[^^] TFrame Complete  : TRY/JPY |W1|
DEBUG:root:[>>] Starting Block   : TRY/JPY 2017-04-23 17:01:00 2018-02-16 16:59:00 D1
DEBUG:root:[^^] TFrame Complete  : TRY/JPY |D1|
DEBUG:root:[>>] Starting Block   : TRY/JPY 2017-04-24 09:01:00 2017-08-23 05:00:00 H8
DEBUG:root:[^^] TFrame Complete  : TRY/JPY |H8|
DEBUG:root:[>>] Starting Block   : TRY/JPY 2017-04-24 09:01:00 2017-06-13 09:00:00 H4
DEBUG:root:[^^] TFrame Complete  : TRY/JPY |H4|
DEBUG:root:[>>] Starting Block   : TRY/JPY 2017-04-24 09:01:00 2017-05-19 09:00:00 H2
DEBUG:root:[^^] TFrame Complete  : TRY/JPY |H2|
DEBUG:root:[>>] Starting Block   : TRY/JPY 2017-04-24 09:01:00 2017-05-05 16:59:00 H1
DEBUG:root:[^^] TFrame Complete  : TRY/JPY |H1|
DEBUG:root:[>>] Starting Block   : TRY/JPY 2017-04-28 16:31:00 2017-05-04 22:30:00 m30
DEBUG:root:[^^] TFrame Complete  : TRY/JPY |m30|
DEBUG:root:[>>] Starting Block   : TRY/JPY 2017-04-28 16:46:00 2017-05-01 19:45:00 m15
DEBUG:root:[^^] TFrame Complete  : TRY/JPY |m15|
DEBUG:root:[>>] Starting Block   : TRY/JPY 2017-04-28 16:56:00 2017-04-28 16:59:00 m5
DEBUG:root:[??] Skipping Block   : TRY/JPY 2017-04-28 16:56:00 2017-04-28 16:59:00 m5
DEBUG:root:[^^] TFrame Complete  : TRY/JPY |m5|
DEBUG:root:[>>] Starting Block   : TRY/JPY 2017-04-28 16:58:00 2017-04-28 16:59:00 m1
DEBUG:root:[??] Skipping Block   : TRY/JPY 2017-04-28 16:58:00 2017-04-28 16:59:00 m1
DEBUG:root:[^^] TFrame Complete  : TRY/JPY |m1|
DEBUG:root:[<>] Offer Complete   : TRY/JPY |m1|
