DEBUG:root:[>>] Starting Block   : UKOil 1988-06-30 17:00:00 2013-12-16 16:59:00 M1
DEBUG:root:[:)] Data Collected   : UKOil 1988-06-30 17:00:00 2013-12-16 16:59:00 M1
DEBUG:root:[^^] TFrame Complete  : UKOil |M1|
DEBUG:root:[>>] Starting Block   : UKOil 2017-04-23 17:00:00 2023-01-20 16:59:00 W1
DEBUG:root:[^^] TFrame Complete  : UKOil |W1|
DEBUG:root:[>>] Starting Block   : UKOil 2017-04-23 17:01:00 2018-02-16 16:59:00 D1
DEBUG:root:[^^] TFrame Complete  : UKOil |D1|
DEBUG:root:[>>] Starting Block   : UKOil 2017-04-24 09:01:00 2017-08-23 05:00:00 H8
DEBUG:root:[^^] TFrame Complete  : UKOil |H8|
DEBUG:root:[>>] Starting Block   : UKOil 2017-04-24 09:01:00 2017-06-13 09:00:00 H4
DEBUG:root:[^^] TFrame Complete  : UKOil |H4|
DEBUG:root:[>>] Starting Block   : UKOil 2017-04-24 09:01:00 2017-05-19 09:00:00 H2
DEBUG:root:[^^] TFrame Complete  : UKOil |H2|
DEBUG:root:[>>] Starting Block   : UKOil 2017-04-24 09:01:00 2017-05-05 16:59:00 H1
DEBUG:root:[^^] TFrame Complete  : UKOil |H1|
DEBUG:root:[>>] Starting Block   : UKOil 2017-04-28 16:31:00 2017-05-04 22:30:00 m30
DEBUG:root:[^^] TFrame Complete  : UKOil |m30|
DEBUG:root:[>>] Starting Block   : UKOil 2017-04-28 16:31:00 2017-05-01 19:30:00 m15
DEBUG:root:[^^] TFrame Complete  : UKOil |m15|
DEBUG:root:[>>] Starting Block   : UKOil 2017-04-28 16:41:00 2017-04-28 16:59:00 m5
DEBUG:root:[:)] Data Collected   : UKOil 2017-04-28 16:41:00 2017-04-28 16:59:00 m5
DEBUG:root:[^^] TFrame Complete  : UKOil |m5|
DEBUG:root:[>>] Starting Block   : UKOil 2017-04-28 16:45:00 2017-04-28 16:59:00 m1
DEBUG:root:[:)] Data Collected   : UKOil 2017-04-28 16:45:00 2017-04-28 16:59:00 m1
DEBUG:root:[^^] TFrame Complete  : UKOil |m1|
DEBUG:root:[<>] Offer Complete   : UKOil |m1|
