DEBUG:root:[>>] Starting Block   : USD/CNH 2007-01-01 00:01:00 2032-06-18 00:00:00 M1
DEBUG:root:[^^] TFrame Complete  : USD/CNH |M1|
DEBUG:root:[>>] Starting Block   : USD/CNH 2017-04-16 17:00:00 2023-01-13 16:59:00 W1
DEBUG:root:[^^] TFrame Complete  : USD/CNH |W1|
DEBUG:root:[>>] Starting Block   : USD/CNH 2017-04-23 17:01:00 2018-02-16 16:59:00 D1
DEBUG:root:[^^] TFrame Complete  : USD/CNH |D1|
DEBUG:root:[>>] Starting Block   : USD/CNH 2017-04-24 09:01:00 2017-08-23 05:00:00 H8
DEBUG:root:[^^] TFrame Complete  : USD/CNH |H8|
DEBUG:root:[>>] Starting Block   : USD/CNH 2017-04-24 09:01:00 2017-06-13 09:00:00 H4
DEBUG:root:[^^] TFrame Complete  : USD/CNH |H4|
DEBUG:root:[>>] Starting Block   : USD/CNH 2017-04-24 11:01:00 2017-05-19 11:00:00 H2
DEBUG:root:[^^] TFrame Complete  : USD/CNH |H2|
DEBUG:root:[>>] Starting Block   : USD/CNH 2017-04-24 11:01:00 2017-05-05 16:59:00 H1
DEBUG:root:[^^] TFrame Complete  : USD/CNH |H1|
DEBUG:root:[>>] Starting Block   : USD/CNH 2017-04-24 12:01:00 2017-04-30 18:00:00 m30
DEBUG:root:[^^] TFrame Complete  : USD/CNH |m30|
DEBUG:root:[>>] Starting Block   : USD/CNH 2017-04-27 15:01:00 2017-04-30 18:00:00 m15
DEBUG:root:[^^] TFrame Complete  : USD/CNH |m15|
DEBUG:root:[>>] Starting Block   : USD/CNH 2017-04-28 16:56:00 2017-04-28 16:59:00 m5
DEBUG:root:[??] Skipping Block   : USD/CNH 2017-04-28 16:56:00 2017-04-28 16:59:00 m5
DEBUG:root:[^^] TFrame Complete  : USD/CNH |m5|
DEBUG:root:[>>] Starting Block   : USD/CNH 2017-04-28 16:58:00 2017-04-28 16:59:00 m1
DEBUG:root:[??] Skipping Block   : USD/CNH 2017-04-28 16:58:00 2017-04-28 16:59:00 m1
DEBUG:root:[^^] TFrame Complete  : USD/CNH |m1|
DEBUG:root:[<>] Offer Complete   : USD/CNH |m1|
