DEBUG:root:[>>] Starting Block   : USD/NOK 2017-02-28 17:01:00 2042-08-15 16:59:00 M1
DEBUG:root:[^^] TFrame Complete  : USD/NOK |M1|
DEBUG:root:[>>] Starting Block   : USD/NOK 2017-04-23 17:00:00 2023-01-20 16:59:00 W1
DEBUG:root:[^^] TFrame Complete  : USD/NOK |W1|
DEBUG:root:[>>] Starting Block   : USD/NOK 2017-04-23 17:01:00 2018-02-16 16:59:00 D1
DEBUG:root:[^^] TFrame Complete  : USD/NOK |D1|
DEBUG:root:[>>] Starting Block   : USD/NOK 2017-04-24 09:01:00 2017-08-23 05:00:00 H8
DEBUG:root:[^^] TFrame Complete  : USD/NOK |H8|
DEBUG:root:[>>] Starting Block   : USD/NOK 2017-04-24 09:01:00 2017-06-13 09:00:00 H4
DEBUG:root:[^^] TFrame Complete  : USD/NOK |H4|
DEBUG:root:[>>] Starting Block   : USD/NOK 2017-04-24 11:01:00 2017-05-19 11:00:00 H2
DEBUG:root:[^^] TFrame Complete  : USD/NOK |H2|
DEBUG:root:[>>] Starting Block   : USD/NOK 2017-04-24 13:01:00 2017-05-05 16:59:00 H1
DEBUG:root:[^^] TFrame Complete  : USD/NOK |H1|
DEBUG:root:[>>] Starting Block   : USD/NOK 2017-04-24 13:01:00 2017-04-30 19:00:00 m30
DEBUG:root:[^^] TFrame Complete  : USD/NOK |m30|
DEBUG:root:[>>] Starting Block   : USD/NOK 2017-04-28 16:46:00 2017-05-01 19:45:00 m15
DEBUG:root:[^^] TFrame Complete  : USD/NOK |m15|
DEBUG:root:[>>] Starting Block   : USD/NOK 2017-04-28 16:56:00 2017-04-28 16:59:00 m5
DEBUG:root:[:)] Data Collected   : USD/NOK 2017-04-28 16:56:00 2017-04-28 16:59:00 m5
DEBUG:root:[^^] TFrame Complete  : USD/NOK |m5|
DEBUG:root:[>>] Starting Block   : USD/NOK 2017-04-28 16:58:00 2017-04-28 16:59:00 m1
DEBUG:root:[XX] Database Error   : fxcm_bar_USDNOK.tbl_USDNOK_m5 | (1062, "Duplicate entry '2017-04-28 16:55:00' for key 'PRIMARY'")
DEBUG:root:[:)] Data Collected   : USD/NOK 2017-04-28 16:58:00 2017-04-28 16:59:00 m1
DEBUG:root:[^^] TFrame Complete  : USD/NOK |m1|
DEBUG:root:[<>] Offer Complete   : USD/NOK |m1|
DEBUG:root:[XX] Database Error   : fxcm_bar_USDNOK.tbl_USDNOK_m1 | (1062, "Duplicate entry '2017-04-28 16:57:00' for key 'PRIMARY'")
DEBUG:root:[XX] Database Error   : fxcm_bar_USDNOK.tbl_USDNOK_m1 | (1062, "Duplicate entry '2017-04-28 16:57:00' for key 'PRIMARY'")
