DEBUG:root:[>>] Starting Block   : USOil 1991-10-31 17:01:00 2017-04-17 17:00:00 M1
DEBUG:root:[??] Skipping Block   : USOil 1991-10-31 17:01:00 2017-04-17 17:00:00 M1
DEBUG:root:[^^] TFrame Complete  : USOil |M1|
DEBUG:root:[>>] Starting Block   : USOil 2017-04-23 17:00:00 2023-01-20 16:59:00 W1
DEBUG:root:[^^] TFrame Complete  : USOil |W1|
DEBUG:root:[>>] Starting Block   : USOil 2017-04-23 17:01:00 2018-02-16 16:59:00 D1
DEBUG:root:[^^] TFrame Complete  : USOil |D1|
DEBUG:root:[>>] Starting Block   : USOil 2017-04-24 09:01:00 2017-08-23 05:00:00 H8
DEBUG:root:[^^] TFrame Complete  : USOil |H8|
DEBUG:root:[>>] Starting Block   : USOil 2017-04-24 13:01:00 2017-06-13 13:00:00 H4
DEBUG:root:[^^] TFrame Complete  : USOil |H4|
DEBUG:root:[>>] Starting Block   : USOil 2017-04-24 13:01:00 2017-05-19 13:00:00 H2
DEBUG:root:[^^] TFrame Complete  : USOil |H2|
DEBUG:root:[>>] Starting Block   : USOil 2017-04-24 14:01:00 2017-05-05 16:59:00 H1
DEBUG:root:[^^] TFrame Complete  : USOil |H1|
DEBUG:root:[>>] Starting Block   : USOil 2017-04-28 16:01:00 2017-05-04 22:00:00 m30
DEBUG:root:[^^] TFrame Complete  : USOil |m30|
DEBUG:root:[>>] Starting Block   : USOil 2017-04-27 18:16:00 2017-04-30 21:15:00 m15
DEBUG:root:[^^] TFrame Complete  : USOil |m15|
DEBUG:root:[>>] Starting Block   : USOil 2017-04-28 16:41:00 2017-04-28 16:59:00 m5
DEBUG:root:[:)] Data Collected   : USOil 2017-04-28 16:41:00 2017-04-28 16:59:00 m5
DEBUG:root:[^^] TFrame Complete  : USOil |m5|
DEBUG:root:[>>] Starting Block   : USOil 2017-04-28 16:41:00 2017-04-28 16:59:00 m1
DEBUG:root:[:)] Data Collected   : USOil 2017-04-28 16:41:00 2017-04-28 16:59:00 m1
DEBUG:root:[^^] TFrame Complete  : USOil |m1|
DEBUG:root:[<>] Offer Complete   : USOil |m1|
DEBUG:root:[XX] Database Error   : fxcm_bar_USOil.tbl_USOil_m5 | (1062, "Duplicate entry '2017-04-28 16:40:00' for key 'PRIMARY'")
DEBUG:root:[XX] Database Error   : fxcm_bar_USOil.tbl_USOil_m1 | (1062, "Duplicate entry '2017-04-28 16:40:00' for key 'PRIMARY'")
