DEBUG:root:[>>] Starting Block   : XAG/USD 2000-12-31 17:01:00 2026-06-18 17:00:00 M1
DEBUG:root:[^^] TFrame Complete  : XAG/USD |M1|
DEBUG:root:[>>] Starting Block   : XAG/USD 2013-04-28 17:00:00 2019-01-25 16:59:00 W1
DEBUG:root:[^^] TFrame Complete  : XAG/USD |W1|
DEBUG:root:[>>] Starting Block   : XAG/USD 2016-10-27 17:01:00 2017-08-23 17:00:00 D1
DEBUG:root:[^^] TFrame Complete  : XAG/USD |D1|
DEBUG:root:[>>] Starting Block   : XAG/USD 2017-03-07 09:01:00 2017-07-06 05:00:00 H8
DEBUG:root:[^^] TFrame Complete  : XAG/USD |H8|
DEBUG:root:[>>] Starting Block   : XAG/USD 2017-04-12 13:01:00 2017-06-01 13:00:00 H4
DEBUG:root:[^^] TFrame Complete  : XAG/USD |H4|
DEBUG:root:[>>] Starting Block   : XAG/USD 2017-04-17 15:01:00 2017-05-12 15:00:00 H2
DEBUG:root:[^^] TFrame Complete  : XAG/USD |H2|
DEBUG:root:[>>] Starting Block   : XAG/USD 2017-04-21 16:01:00 2017-05-04 04:00:00 H1
DEBUG:root:[^^] TFrame Complete  : XAG/USD |H1|
DEBUG:root:[>>] Starting Block   : XAG/USD 2017-04-27 22:01:00 2017-05-04 04:00:00 m30
DEBUG:root:[^^] TFrame Complete  : XAG/USD |m30|
DEBUG:root:[>>] Starting Block   : XAG/USD 2017-04-28 16:46:00 2017-05-01 19:45:00 m15
DEBUG:root:[^^] TFrame Complete  : XAG/USD |m15|
DEBUG:root:[>>] Starting Block   : XAG/USD 2017-04-28 16:46:00 2017-04-28 16:59:00 m5
DEBUG:root:[:)] Data Collected   : XAG/USD 2017-04-28 16:46:00 2017-04-28 16:59:00 m5
DEBUG:root:[^^] TFrame Complete  : XAG/USD |m5|
DEBUG:root:[>>] Starting Block   : XAG/USD 2013-08-19 13:00:00 2013-08-19 17:59:00 m1
DEBUG:root:[XX] Database Error   : fxcm_bar_XAGUSD.tbl_XAGUSD_m5 | (1062, "Duplicate entry '2017-04-28 16:45:00' for key 'PRIMARY'")
DEBUG:root:[:)] Data Collected   : XAG/USD 2013-08-19 13:00:00 2013-08-19 17:59:00 m1
DEBUG:root:[IO] Data Written     : fxcm_bar_XAGUSD.tbl_XAGUSD_m1
DEBUG:root:[:)] Data Collected   : XAG/USD 2013-08-19 18:00:00 2013-08-19 22:59:00 m1
DEBUG:root:[IO] Data Written     : fxcm_bar_XAGUSD.tbl_XAGUSD_m1
DEBUG:root:[:)] Data Collected   : XAG/USD 2013-08-19 23:00:00 2013-08-20 03:59:00 m1
DEBUG:root:[:)] Data Collected   : XAG/USD 2013-08-20 04:00:00 2013-08-20 08:59:00 m1
DEBUG:root:[:)] Data Collected   : XAG/USD 2013-08-20 09:00:00 2013-08-20 13:59:00 m1
DEBUG:root:[:)] Data Collected   : XAG/USD 2013-08-20 14:00:00 2013-08-20 18:59:00 m1
DEBUG:root:[:)] Data Collected   : XAG/USD 2013-08-20 19:00:00 2013-08-20 23:59:00 m1
DEBUG:root:[:)] Data Collected   : XAG/USD 2013-08-21 00:00:00 2013-08-21 04:59:00 m1
DEBUG:root:[IO] Data Written     : fxcm_bar_XAGUSD.tbl_XAGUSD_m1
DEBUG:root:[IO] Data Written     : fxcm_bar_XAGUSD.tbl_XAGUSD_m1
DEBUG:root:[:)] Data Collected   : XAG/USD 2013-08-21 05:00:00 2013-08-21 09:59:00 m1
DEBUG:root:[IO] Data Written     : fxcm_bar_XAGUSD.tbl_XAGUSD_m1
DEBUG:root:[IO] Data Written     : fxcm_bar_XAGUSD.tbl_XAGUSD_m1
DEBUG:root:[:)] Data Collected   : XAG/USD 2013-08-21 10:00:00 2013-08-21 14:59:00 m1
DEBUG:root:[IO] Data Written     : fxcm_bar_XAGUSD.tbl_XAGUSD_m1
DEBUG:root:[IO] Data Written     : fxcm_bar_XAGUSD.tbl_XAGUSD_m1
DEBUG:root:[:)] Data Collected   : XAG/USD 2013-08-21 15:00:00 2013-08-21 19:59:00 m1
DEBUG:root:[IO] Data Written     : fxcm_bar_XAGUSD.tbl_XAGUSD_m1
DEBUG:root:[IO] Data Written     : fxcm_bar_XAGUSD.tbl_XAGUSD_m1
DEBUG:root:[:)] Data Collected   : XAG/USD 2013-08-21 20:00:00 2013-08-22 00:59:00 m1
DEBUG:root:[:)] Data Collected   : XAG/USD 2013-08-22 01:00:00 2013-08-22 05:59:00 m1
DEBUG:root:[:)] Data Collected   : XAG/USD 2013-08-22 06:00:00 2013-08-22 10:59:00 m1
DEBUG:root:[:)] Data Collected   : XAG/USD 2013-08-22 11:00:00 2013-08-22 15:59:00 m1
DEBUG:root:[:)] Data Collected   : XAG/USD 2013-08-22 16:00:00 2013-08-22 20:59:00 m1
DEBUG:root:[:)] Data Collected   : XAG/USD 2013-08-22 21:00:00 2013-08-23 01:59:00 m1
DEBUG:root:[:)] Data Collected   : XAG/USD 2013-08-23 02:00:00 2013-08-23 06:59:00 m1
DEBUG:root:[:)] Data Collected   : XAG/USD 2013-08-23 07:00:00 2013-08-23 11:59:00 m1
DEBUG:root:[IO] Data Written     : fxcm_bar_XAGUSD.tbl_XAGUSD_m1
DEBUG:root:[:)] Data Collected   : XAG/USD 2013-08-23 12:00:00 2013-08-23 16:59:00 m1
DEBUG:root:[:)] Data Collected   : XAG/USD 2013-08-25 17:00:00 2013-08-25 21:59:00 m1
DEBUG:root:[:)] Data Collected   : XAG/USD 2013-08-25 22:00:00 2013-08-26 02:59:00 m1
DEBUG:root:[:)] Data Collected   : XAG/USD 2013-08-26 03:00:00 2013-08-26 07:59:00 m1
DEBUG:root:[:)] Data Collected   : XAG/USD 2013-08-26 08:00:00 2013-08-26 12:59:00 m1
DEBUG:root:[:)] Data Collected   : XAG/USD 2013-08-26 13:00:00 2013-08-26 17:59:00 m1
DEBUG:root:[:)] Data Collected   : XAG/USD 2013-08-26 18:00:00 2013-08-26 22:59:00 m1
DEBUG:root:[:)] Data Collected   : XAG/USD 2013-08-26 23:00:00 2013-08-27 03:59:00 m1
DEBUG:root:[:)] Data Collected   : XAG/USD 2013-08-27 04:00:00 2013-08-27 08:59:00 m1
DEBUG:root:[:)] Data Collected   : XAG/USD 2013-08-27 09:00:00 2013-08-27 13:59:00 m1
DEBUG:root:[:)] Data Collected   : XAG/USD 2013-08-27 14:00:00 2013-08-27 18:59:00 m1
DEBUG:root:[:)] Data Collected   : XAG/USD 2013-08-27 19:00:00 2013-08-27 23:59:00 m1
DEBUG:root:[:)] Data Collected   : XAG/USD 2013-08-28 00:00:00 2013-08-28 04:59:00 m1
DEBUG:root:[:)] Data Collected   : XAG/USD 2013-08-28 05:00:00 2013-08-28 09:59:00 m1
DEBUG:root:[:)] Data Collected   : XAG/USD 2013-08-28 10:00:00 2013-08-28 14:59:00 m1
DEBUG:root:[:)] Data Collected   : XAG/USD 2013-08-28 15:00:00 2013-08-28 19:59:00 m1
DEBUG:root:[:)] Data Collected   : XAG/USD 2013-08-28 20:00:00 2013-08-29 00:59:00 m1
DEBUG:root:[:)] Data Collected   : XAG/USD 2013-08-29 01:00:00 2013-08-29 05:59:00 m1
DEBUG:root:[:)] Data Collected   : XAG/USD 2013-08-29 06:00:00 2013-08-29 10:59:00 m1
DEBUG:root:[:)] Data Collected   : XAG/USD 2013-08-29 11:00:00 2013-08-29 15:59:00 m1
DEBUG:root:[:)] Data Collected   : XAG/USD 2013-08-29 16:00:00 2013-08-29 20:59:00 m1
DEBUG:root:[:)] Data Collected   : XAG/USD 2013-08-29 21:00:00 2013-08-30 01:59:00 m1
DEBUG:root:[:)] Data Collected   : XAG/USD 2013-08-30 02:00:00 2013-08-30 06:59:00 m1
DEBUG:root:[:)] Data Collected   : XAG/USD 2013-08-30 07:00:00 2013-08-30 11:59:00 m1
DEBUG:root:[:)] Data Collected   : XAG/USD 2013-08-30 12:00:00 2013-08-30 16:59:00 m1
DEBUG:root:[:)] Data Collected   : XAG/USD 2013-09-01 17:00:00 2013-09-01 21:59:00 m1
DEBUG:root:[:)] Data Collected   : XAG/USD 2013-09-01 22:00:00 2013-09-02 02:59:00 m1
DEBUG:root:[:)] Data Collected   : XAG/USD 2013-09-02 03:00:00 2013-09-02 07:59:00 m1
DEBUG:root:[:)] Data Collected   : XAG/USD 2013-09-02 08:00:00 2013-09-02 12:59:00 m1
DEBUG:root:[:)] Data Collected   : XAG/USD 2013-09-02 13:00:00 2013-09-02 17:59:00 m1
DEBUG:root:[IO] Data Written     : fxcm_bar_XAGUSD.tbl_XAGUSD_m1
DEBUG:root:[IO] Data Written     : fxcm_bar_XAGUSD.tbl_XAGUSD_m1
DEBUG:root:[:)] Data Collected   : XAG/USD 2013-09-02 18:00:00 2013-09-02 22:59:00 m1
DEBUG:root:[:)] Data Collected   : XAG/USD 2013-09-02 23:00:00 2013-09-03 03:59:00 m1
DEBUG:root:[:)] Data Collected   : XAG/USD 2013-09-03 04:00:00 2013-09-03 08:59:00 m1
DEBUG:root:[:)] Data Collected   : XAG/USD 2013-09-03 09:00:00 2013-09-03 13:59:00 m1
DEBUG:root:[:)] Data Collected   : XAG/USD 2013-09-03 14:00:00 2013-09-03 18:59:00 m1
DEBUG:root:[:)] Data Collected   : XAG/USD 2013-09-03 19:00:00 2013-09-03 23:59:00 m1
DEBUG:root:[:)] Data Collected   : XAG/USD 2013-09-04 00:00:00 2013-09-04 04:59:00 m1
DEBUG:root:[:)] Data Collected   : XAG/USD 2013-09-04 05:00:00 2013-09-04 09:59:00 m1
DEBUG:root:[:)] Data Collected   : XAG/USD 2013-09-04 10:00:00 2013-09-04 14:59:00 m1
DEBUG:root:[:)] Data Collected   : XAG/USD 2013-09-04 15:00:00 2013-09-04 19:59:00 m1
DEBUG:root:[:)] Data Collected   : XAG/USD 2013-09-04 20:00:00 2013-09-05 00:59:00 m1
DEBUG:root:[:)] Data Collected   : XAG/USD 2013-09-05 01:00:00 2013-09-05 05:59:00 m1
DEBUG:root:[:)] Data Collected   : XAG/USD 2013-09-05 06:00:00 2013-09-05 10:59:00 m1
DEBUG:root:[:)] Data Collected   : XAG/USD 2013-09-05 11:00:00 2013-09-05 15:59:00 m1
DEBUG:root:[:)] Data Collected   : XAG/USD 2013-09-05 16:00:00 2013-09-05 20:59:00 m1
DEBUG:root:[:)] Data Collected   : XAG/USD 2013-09-05 21:00:00 2013-09-06 01:59:00 m1
DEBUG:root:[:)] Data Collected   : XAG/USD 2013-09-06 02:00:00 2013-09-06 06:59:00 m1
DEBUG:root:[:)] Data Collected   : XAG/USD 2013-09-06 07:00:00 2013-09-06 11:59:00 m1
DEBUG:root:[:)] Data Collected   : XAG/USD 2013-09-06 12:00:00 2013-09-06 16:59:00 m1
DEBUG:root:[:)] Data Collected   : XAG/USD 2013-09-08 17:00:00 2013-09-08 21:59:00 m1
DEBUG:root:[:)] Data Collected   : XAG/USD 2013-09-08 22:00:00 2013-09-09 02:59:00 m1
DEBUG:root:[:)] Data Collected   : XAG/USD 2013-09-09 03:00:00 2013-09-09 07:59:00 m1
DEBUG:root:[:)] Data Collected   : XAG/USD 2013-09-09 08:00:00 2013-09-09 12:59:00 m1
DEBUG:root:[:)] Data Collected   : XAG/USD 2013-09-09 13:00:00 2013-09-09 17:59:00 m1
DEBUG:root:[:)] Data Collected   : XAG/USD 2013-09-09 18:00:00 2013-09-09 22:59:00 m1
DEBUG:root:[IO] Data Written     : fxcm_bar_XAGUSD.tbl_XAGUSD_m1
DEBUG:root:[IO] Data Written     : fxcm_bar_XAGUSD.tbl_XAGUSD_m1
DEBUG:root:[:)] Data Collected   : XAG/USD 2013-09-09 23:00:00 2013-09-10 03:59:00 m1
DEBUG:root:[:)] Data Collected   : XAG/USD 2013-09-10 04:00:00 2013-09-10 08:59:00 m1
DEBUG:root:[IO] Data Written     : fxcm_bar_XAGUSD.tbl_XAGUSD_m1
DEBUG:root:[IO] Data Written     : fxcm_bar_XAGUSD.tbl_XAGUSD_m1
DEBUG:root:[:)] Data Collected   : XAG/USD 2013-09-10 09:00:00 2013-09-10 13:59:00 m1
DEBUG:root:[IO] Data Written     : fxcm_bar_XAGUSD.tbl_XAGUSD_m1
DEBUG:root:[:)] Data Collected   : XAG/USD 2013-09-10 14:00:00 2013-09-10 18:59:00 m1
DEBUG:root:[:)] Data Collected   : XAG/USD 2013-09-10 19:00:00 2013-09-10 23:59:00 m1
DEBUG:root:[:)] Data Collected   : XAG/USD 2013-09-11 00:00:00 2013-09-11 04:59:00 m1
DEBUG:root:[:)] Data Collected   : XAG/USD 2013-09-11 05:00:00 2013-09-11 09:59:00 m1
DEBUG:root:[:)] Data Collected   : XAG/USD 2013-09-11 10:00:00 2013-09-11 14:59:00 m1
DEBUG:root:[:)] Data Collected   : XAG/USD 2013-09-11 15:00:00 2013-09-11 19:59:00 m1
DEBUG:root:[:)] Data Collected   : XAG/USD 2013-09-11 20:00:00 2013-09-12 00:59:00 m1
DEBUG:root:[:)] Data Collected   : XAG/USD 2013-09-12 01:00:00 2013-09-12 05:59:00 m1
DEBUG:root:[:)] Data Collected   : XAG/USD 2013-09-12 06:00:00 2013-09-12 10:59:00 m1
DEBUG:root:[:)] Data Collected   : XAG/USD 2013-09-12 11:00:00 2013-09-12 15:59:00 m1
DEBUG:root:[:)] Data Collected   : XAG/USD 2013-09-12 16:00:00 2013-09-12 20:59:00 m1
DEBUG:root:[IO] Data Written     : fxcm_bar_XAGUSD.tbl_XAGUSD_m1
DEBUG:root:[IO] Data Written     : fxcm_bar_XAGUSD.tbl_XAGUSD_m1
DEBUG:root:[IO] Data Written     : fxcm_bar_XAGUSD.tbl_XAGUSD_m1
DEBUG:root:[IO] Data Written     : fxcm_bar_XAGUSD.tbl_XAGUSD_m1
DEBUG:root:[IO] Data Written     : fxcm_bar_XAGUSD.tbl_XAGUSD_m1
DEBUG:root:[:)] Data Collected   : XAG/USD 2013-09-12 21:00:00 2013-09-13 01:59:00 m1
DEBUG:root:[:)] Data Collected   : XAG/USD 2013-09-13 02:00:00 2013-09-13 06:59:00 m1
DEBUG:root:[IO] Data Written     : fxcm_bar_XAGUSD.tbl_XAGUSD_m1
DEBUG:root:[IO] Data Written     : fxcm_bar_XAGUSD.tbl_XAGUSD_m1
DEBUG:root:[IO] Data Written     : fxcm_bar_XAGUSD.tbl_XAGUSD_m1
DEBUG:root:[IO] Data Written     : fxcm_bar_XAGUSD.tbl_XAGUSD_m1
DEBUG:root:[IO] Data Written     : fxcm_bar_XAGUSD.tbl_XAGUSD_m1
DEBUG:root:[IO] Data Written     : fxcm_bar_XAGUSD.tbl_XAGUSD_m1
DEBUG:root:[IO] Data Written     : fxcm_bar_XAGUSD.tbl_XAGUSD_m1
DEBUG:root:[IO] Data Written     : fxcm_bar_XAGUSD.tbl_XAGUSD_m1
DEBUG:root:[:)] Data Collected   : XAG/USD 2013-09-13 07:00:00 2013-09-13 11:59:00 m1
DEBUG:root:[:)] Data Collected   : XAG/USD 2013-09-13 12:00:00 2013-09-13 16:59:00 m1
DEBUG:root:[:)] Data Collected   : XAG/USD 2013-09-15 17:00:00 2013-09-15 21:59:00 m1
