DEBUG:root:[>>] Starting Block   : XAU/USD 2017-04-02 17:01:00 2042-09-18 17:00:00 M1
DEBUG:root:[^^] TFrame Complete  : XAU/USD |M1|
DEBUG:root:[>>] Starting Block   : XAU/USD 2017-04-23 17:00:00 2023-01-20 16:59:00 W1
DEBUG:root:[^^] TFrame Complete  : XAU/USD |W1|
DEBUG:root:[>>] Starting Block   : XAU/USD 2017-04-23 17:01:00 2018-02-16 16:59:00 D1
DEBUG:root:[^^] TFrame Complete  : XAU/USD |D1|
DEBUG:root:[>>] Starting Block   : XAU/USD 2017-04-24 01:01:00 2017-08-22 21:00:00 H8
DEBUG:root:[^^] TFrame Complete  : XAU/USD |H8|
DEBUG:root:[>>] Starting Block   : XAU/USD 2017-04-24 05:01:00 2017-06-13 05:00:00 H4
DEBUG:root:[^^] TFrame Complete  : XAU/USD |H4|
DEBUG:root:[>>] Starting Block   : XAU/USD 2017-04-24 07:01:00 2017-05-19 07:00:00 H2
DEBUG:root:[^^] TFrame Complete  : XAU/USD |H2|
DEBUG:root:[>>] Starting Block   : XAU/USD 2017-04-24 08:01:00 2017-05-05 16:59:00 H1
DEBUG:root:[^^] TFrame Complete  : XAU/USD |H1|
DEBUG:root:[>>] Starting Block   : XAU/USD 2017-04-28 16:31:00 2017-05-04 22:30:00 m30
DEBUG:root:[^^] TFrame Complete  : XAU/USD |m30|
DEBUG:root:[>>] Starting Block   : XAU/USD 2017-04-28 16:46:00 2017-05-01 19:45:00 m15
DEBUG:root:[^^] TFrame Complete  : XAU/USD |m15|
DEBUG:root:[>>] Starting Block   : XAU/USD 2017-04-28 16:46:00 2017-04-28 16:59:00 m5
DEBUG:root:[:)] Data Collected   : XAU/USD 2017-04-28 16:46:00 2017-04-28 16:59:00 m5
DEBUG:root:[^^] TFrame Complete  : XAU/USD |m5|
DEBUG:root:[>>] Starting Block   : XAU/USD 2017-04-28 16:46:00 2017-04-28 16:59:00 m1
DEBUG:root:[XX] Database Error   : fxcm_bar_XAUUSD.tbl_XAUUSD_m5 | (1062, "Duplicate entry '2017-04-28 16:45:00' for key 'PRIMARY'")
DEBUG:root:[:)] Data Collected   : XAU/USD 2017-04-28 16:46:00 2017-04-28 16:59:00 m1
DEBUG:root:[^^] TFrame Complete  : XAU/USD |m1|
DEBUG:root:[<>] Offer Complete   : XAU/USD |m1|
DEBUG:root:[XX] Database Error   : fxcm_bar_XAUUSD.tbl_XAUUSD_m1 | (1062, "Duplicate entry '2017-04-28 16:45:00' for key 'PRIMARY'")
DEBUG:root:[XX] Database Error   : fxcm_bar_XAUUSD.tbl_XAUUSD_m5 | (1062, "Duplicate entry '2017-04-28 16:45:00' for key 'PRIMARY'")
